<?xml version="1.0" encoding="UTF-8"?>
<testsuite xmlns:xsi="http://www.w3.org/2001/XMLSchema-instance" xsi:noNamespaceSchemaLocation="https://maven.apache.org/surefire/maven-surefire-plugin/xsd/surefire-test-report.xsd" name="TestSuite" time="17.467" tests="1" errors="0" skipped="0" failures="0">
  <properties>
    <property name="gopherProxySet" value="false"/>
    <property name="awt.toolkit" value="sun.lwawt.macosx.LWCToolkit"/>
    <property name="file.encoding.pkg" value="sun.io"/>
    <property name="java.specification.version" value="1.8"/>
    <property name="sun.cpu.isalist" value=""/>
    <property name="sun.jnu.encoding" value="UTF-8"/>
    <property name="java.class.path" value="/Users/a1/IdeaProjects/FunMiles/target/test-classes:/Users/a1/IdeaProjects/FunMiles/target/classes:/Users/a1/.m2/repository/io/appium/java-client/5.0.2/java-client-5.0.2.jar:/Users/a1/.m2/repository/org/seleniumhq/selenium/selenium-java/3.5.3/selenium-java-3.5.3.jar:/Users/a1/.m2/repository/org/seleniumhq/selenium/selenium-chrome-driver/3.5.3/selenium-chrome-driver-3.5.3.jar:/Users/a1/.m2/repository/org/seleniumhq/selenium/selenium-edge-driver/3.5.3/selenium-edge-driver-3.5.3.jar:/Users/a1/.m2/repository/org/seleniumhq/selenium/selenium-firefox-driver/3.5.3/selenium-firefox-driver-3.5.3.jar:/Users/a1/.m2/repository/org/seleniumhq/selenium/selenium-ie-driver/3.5.3/selenium-ie-driver-3.5.3.jar:/Users/a1/.m2/repository/org/seleniumhq/selenium/selenium-opera-driver/3.5.3/selenium-opera-driver-3.5.3.jar:/Users/a1/.m2/repository/org/seleniumhq/selenium/selenium-remote-driver/3.5.3/selenium-remote-driver-3.5.3.jar:/Users/a1/.m2/repository/org/seleniumhq/selenium/selenium-safari-driver/3.5.3/selenium-safari-driver-3.5.3.jar:/Users/a1/.m2/repository/cglib/cglib-nodep/3.2.4/cglib-nodep-3.2.4.jar:/Users/a1/.m2/repository/org/apache/commons/commons-exec/1.3/commons-exec-1.3.jar:/Users/a1/.m2/repository/commons-logging/commons-logging/1.2/commons-logging-1.2.jar:/Users/a1/.m2/repository/org/w3c/css/sac/1.3/sac-1.3.jar:/Users/a1/.m2/repository/net/sourceforge/cssparser/cssparser/0.9.23/cssparser-0.9.23.jar:/Users/a1/.m2/repository/com/google/guava/guava/23.0/guava-23.0.jar:/Users/a1/.m2/repository/com/google/code/findbugs/jsr305/1.3.9/jsr305-1.3.9.jar:/Users/a1/.m2/repository/com/google/errorprone/error_prone_annotations/2.0.18/error_prone_annotations-2.0.18.jar:/Users/a1/.m2/repository/com/google/j2objc/j2objc-annotations/1.1/j2objc-annotations-1.1.jar:/Users/a1/.m2/repository/org/codehaus/mojo/animal-sniffer-annotations/1.14/animal-sniffer-annotations-1.14.jar:/Users/a1/.m2/repository/net/sourceforge/htmlunit/htmlunit/2.27/htmlunit-2.27.jar:/Users/a1/.m2/repository/net/sourceforge/htmlunit/htmlunit-core-js/2.27/htmlunit-core-js-2.27.jar:/Users/a1/.m2/repository/net/sourceforge/htmlunit/neko-htmlunit/2.27/neko-htmlunit-2.27.jar:/Users/a1/.m2/repository/org/apache/httpcomponents/httpcore/4.4.6/httpcore-4.4.6.jar:/Users/a1/.m2/repository/org/apache/httpcomponents/httpmime/4.5.3/httpmime-4.5.3.jar:/Users/a1/.m2/repository/org/eclipse/jetty/jetty-client/9.4.5.v20170502/jetty-client-9.4.5.v20170502.jar:/Users/a1/.m2/repository/org/eclipse/jetty/jetty-http/9.4.5.v20170502/jetty-http-9.4.5.v20170502.jar:/Users/a1/.m2/repository/org/eclipse/jetty/jetty-io/9.4.5.v20170502/jetty-io-9.4.5.v20170502.jar:/Users/a1/.m2/repository/org/eclipse/jetty/jetty-util/9.4.5.v20170502/jetty-util-9.4.5.v20170502.jar:/Users/a1/.m2/repository/net/java/dev/jna/jna/4.1.0/jna-4.1.0.jar:/Users/a1/.m2/repository/net/java/dev/jna/jna-platform/4.1.0/jna-platform-4.1.0.jar:/Users/a1/.m2/repository/junit/junit/4.12/junit-4.12.jar:/Users/a1/.m2/repository/com/codeborne/phantomjsdriver/1.4.0/phantomjsdriver-1.4.0.jar:/Users/a1/.m2/repository/org/seleniumhq/selenium/htmlunit-driver/2.27/htmlunit-driver-2.27.jar:/Users/a1/.m2/repository/javax/servlet/javax.servlet-api/3.1.0/javax.servlet-api-3.1.0.jar:/Users/a1/.m2/repository/org/eclipse/jetty/websocket/websocket-api/9.4.5.v20170502/websocket-api-9.4.5.v20170502.jar:/Users/a1/.m2/repository/org/eclipse/jetty/websocket/websocket-client/9.4.5.v20170502/websocket-client-9.4.5.v20170502.jar:/Users/a1/.m2/repository/org/eclipse/jetty/websocket/websocket-common/9.4.5.v20170502/websocket-common-9.4.5.v20170502.jar:/Users/a1/.m2/repository/xalan/serializer/2.7.2/serializer-2.7.2.jar:/Users/a1/.m2/repository/xml-apis/xml-apis/1.4.01/xml-apis-1.4.01.jar:/Users/a1/.m2/repository/org/seleniumhq/selenium/selenium-support/3.5.3/selenium-support-3.5.3.jar:/Users/a1/.m2/repository/org/seleniumhq/selenium/selenium-api/3.5.3/selenium-api-3.5.3.jar:/Users/a1/.m2/repository/com/google/code/gson/gson/2.8.1/gson-2.8.1.jar:/Users/a1/.m2/repository/org/apache/httpcomponents/httpclient/4.5.3/httpclient-4.5.3.jar:/Users/a1/.m2/repository/cglib/cglib/3.2.5/cglib-3.2.5.jar:/Users/a1/.m2/repository/org/ow2/asm/asm/5.2/asm-5.2.jar:/Users/a1/.m2/repository/org/apache/ant/ant/1.9.6/ant-1.9.6.jar:/Users/a1/.m2/repository/org/apache/ant/ant-launcher/1.9.6/ant-launcher-1.9.6.jar:/Users/a1/.m2/repository/commons-validator/commons-validator/1.6/commons-validator-1.6.jar:/Users/a1/.m2/repository/commons-beanutils/commons-beanutils/1.9.2/commons-beanutils-1.9.2.jar:/Users/a1/.m2/repository/commons-digester/commons-digester/1.8.1/commons-digester-1.8.1.jar:/Users/a1/.m2/repository/commons-collections/commons-collections/3.2.2/commons-collections-3.2.2.jar:/Users/a1/.m2/repository/org/apache/commons/commons-lang3/3.6/commons-lang3-3.6.jar:/Users/a1/.m2/repository/commons-io/commons-io/2.5/commons-io-2.5.jar:/Users/a1/.m2/repository/org/springframework/spring-context/4.3.10.RELEASE/spring-context-4.3.10.RELEASE.jar:/Users/a1/.m2/repository/org/springframework/spring-expression/4.3.10.RELEASE/spring-expression-4.3.10.RELEASE.jar:/Users/a1/.m2/repository/org/aspectj/aspectjweaver/1.8.10/aspectjweaver-1.8.10.jar:/Users/a1/.m2/repository/org/openpnp/opencv/3.2.0-1/opencv-3.2.0-1.jar:/Users/a1/.m2/repository/com/consol/citrus/citrus-core/2.7.2/citrus-core-2.7.2.jar:/Users/a1/.m2/repository/com/consol/citrus/model/citrus-model-core/2.7.2/citrus-model-core-2.7.2.jar:/Users/a1/.m2/repository/javax/xml/bind/jaxb-api/2.2.11/jaxb-api-2.2.11.jar:/Users/a1/.m2/repository/com/sun/xml/bind/jaxb-core/2.2.11/jaxb-core-2.2.11.jar:/Users/a1/.m2/repository/com/sun/xml/bind/jaxb-impl/2.2.11/jaxb-impl-2.2.11.jar:/Users/a1/.m2/repository/commons-cli/commons-cli/1.3.1/commons-cli-1.3.1.jar:/Users/a1/.m2/repository/commons-codec/commons-codec/1.10/commons-codec-1.10.jar:/Users/a1/.m2/repository/commons-lang/commons-lang/2.6/commons-lang-2.6.jar:/Users/a1/.m2/repository/xalan/xalan/2.7.2/xalan-2.7.2.jar:/Users/a1/.m2/repository/xerces/xercesImpl/2.11.0/xercesImpl-2.11.0.jar:/Users/a1/.m2/repository/wsdl4j/wsdl4j/1.6.3/wsdl4j-1.6.3.jar:/Users/a1/.m2/repository/net/sf/jtidy/jtidy/r938/jtidy-r938.jar:/Users/a1/.m2/repository/org/hamcrest/hamcrest-core/1.3/hamcrest-core-1.3.jar:/Users/a1/.m2/repository/org/hamcrest/hamcrest-library/1.3/hamcrest-library-1.3.jar:/Users/a1/.m2/repository/org/codehaus/groovy/groovy/2.4.12/groovy-2.4.12.jar:/Users/a1/.m2/repository/org/codehaus/groovy/groovy-xml/2.4.12/groovy-xml-2.4.12.jar:/Users/a1/.m2/repository/org/codehaus/groovy/groovy-json/2.4.12/groovy-json-2.4.12.jar:/Users/a1/.m2/repository/org/codehaus/groovy/groovy-jsr223/2.4.12/groovy-jsr223-2.4.12.jar:/Users/a1/.m2/repository/commons-logging/commons-logging-api/1.1/commons-logging-api-1.1.jar:/Users/a1/.m2/repository/com/fasterxml/jackson/core/jackson-core/2.8.9/jackson-core-2.8.9.jar:/Users/a1/.m2/repository/com/fasterxml/jackson/core/jackson-annotations/2.8.9/jackson-annotations-2.8.9.jar:/Users/a1/.m2/repository/com/fasterxml/jackson/core/jackson-databind/2.8.9/jackson-databind-2.8.9.jar:/Users/a1/.m2/repository/net/minidev/json-smart/2.2.1/json-smart-2.2.1.jar:/Users/a1/.m2/repository/net/minidev/accessors-smart/1.1/accessors-smart-1.1.jar:/Users/a1/.m2/repository/com/jayway/jsonpath/json-path/2.2.0/json-path-2.2.0.jar:/Users/a1/.m2/repository/org/springframework/spring-core/4.3.9.RELEASE/spring-core-4.3.9.RELEASE.jar:/Users/a1/.m2/repository/org/springframework/spring-jdbc/4.3.9.RELEASE/spring-jdbc-4.3.9.RELEASE.jar:/Users/a1/.m2/repository/org/springframework/spring-tx/4.3.9.RELEASE/spring-tx-4.3.9.RELEASE.jar:/Users/a1/.m2/repository/org/springframework/integration/spring-integration-core/4.3.10.RELEASE/spring-integration-core-4.3.10.RELEASE.jar:/Users/a1/.m2/repository/org/springframework/spring-messaging/4.3.9.RELEASE/spring-messaging-4.3.9.RELEASE.jar:/Users/a1/.m2/repository/org/springframework/retry/spring-retry/1.1.3.RELEASE/spring-retry-1.1.3.RELEASE.jar:/Users/a1/.m2/repository/org/springframework/ws/spring-xml/2.4.0.RELEASE/spring-xml-2.4.0.RELEASE.jar:/Users/a1/.m2/repository/org/springframework/spring-oxm/4.3.9.RELEASE/spring-oxm-4.3.9.RELEASE.jar:/Users/a1/.m2/repository/org/springframework/spring-test/4.3.9.RELEASE/spring-test-4.3.9.RELEASE.jar:/Users/a1/.m2/repository/com/consol/citrus/citrus-java-dsl/2.7.2/citrus-java-dsl-2.7.2.jar:/Users/a1/.m2/repository/com/consol/citrus/citrus-jms/2.7.2/citrus-jms-2.7.2.jar:/Users/a1/.m2/repository/com/consol/citrus/model/citrus-model-jms/2.7.2/citrus-model-jms-2.7.2.jar:/Users/a1/.m2/repository/org/springframework/spring-jms/4.3.9.RELEASE/spring-jms-4.3.9.RELEASE.jar:/Users/a1/.m2/repository/javax/jms/com.springsource.javax.jms/1.1.0/com.springsource.javax.jms-1.1.0.jar:/Users/a1/.m2/repository/com/sun/xml/messaging/saaj/saaj-impl/1.3.28/saaj-impl-1.3.28.jar:/Users/a1/.m2/repository/javax/xml/soap/javax.xml.soap-api/1.3.8/javax.xml.soap-api-1.3.8.jar:/Users/a1/.m2/repository/org/jvnet/mimepull/mimepull/1.9.7/mimepull-1.9.7.jar:/Users/a1/.m2/repository/org/jvnet/staxex/stax-ex/1.7.8/stax-ex-1.7.8.jar:/Users/a1/.m2/repository/javax/xml/stream/stax-api/1.0-2/stax-api-1.0-2.jar:/Users/a1/.m2/repository/org/springframework/ws/spring-ws-core/2.4.0.RELEASE/spring-ws-core-2.4.0.RELEASE.jar:/Users/a1/.m2/repository/org/springframework/spring-webmvc/4.3.9.RELEASE/spring-webmvc-4.3.9.RELEASE.jar:/Users/a1/.m2/repository/com/consol/citrus/citrus-ws/2.7.2/citrus-ws-2.7.2.jar:/Users/a1/.m2/repository/com/consol/citrus/model/citrus-model-ws/2.7.2/citrus-model-ws-2.7.2.jar:/Users/a1/.m2/repository/javax/activation/activation/1.1.1/activation-1.1.1.jar:/Users/a1/.m2/repository/org/eclipse/jetty/jetty-server/9.4.6.v20170531/jetty-server-9.4.6.v20170531.jar:/Users/a1/.m2/repository/org/eclipse/jetty/jetty-servlet/9.4.6.v20170531/jetty-servlet-9.4.6.v20170531.jar:/Users/a1/.m2/repository/org/eclipse/jetty/jetty-security/9.4.6.v20170531/jetty-security-9.4.6.v20170531.jar:/Users/a1/.m2/repository/org/springframework/spring-beans/4.3.9.RELEASE/spring-beans-4.3.9.RELEASE.jar:/Users/a1/.m2/repository/org/springframework/spring-aop/4.3.9.RELEASE/spring-aop-4.3.9.RELEASE.jar:/Users/a1/.m2/repository/org/springframework/spring-web/4.3.9.RELEASE/spring-web-4.3.9.RELEASE.jar:/Users/a1/.m2/repository/com/consol/citrus/citrus-http/2.7.2/citrus-http-2.7.2.jar:/Users/a1/.m2/repository/com/consol/citrus/model/citrus-model-http/2.7.2/citrus-model-http-2.7.2.jar:/Users/a1/.m2/repository/org/springframework/integration/spring-integration-http/4.3.10.RELEASE/spring-integration-http-4.3.10.RELEASE.jar:/Users/a1/.m2/repository/org/testng/testng/6.11/testng-6.11.jar:/Users/a1/.m2/repository/com/beust/jcommander/1.64/jcommander-1.64.jar:/Users/a1/.m2/repository/org/yaml/snakeyaml/1.17/snakeyaml-1.17.jar:/Users/a1/.m2/repository/org/slf4j/slf4j-api/1.7.25/slf4j-api-1.7.25.jar:/Users/a1/.m2/repository/org/slf4j/jcl-over-slf4j/1.7.25/jcl-over-slf4j-1.7.25.jar:/Users/a1/.m2/repository/org/slf4j/slf4j-log4j12/1.7.25/slf4j-log4j12-1.7.25.jar:/Users/a1/.m2/repository/log4j/log4j/1.2.17/log4j-1.2.17.jar:/Users/a1/.m2/repository/org/apache/maven/surefire/surefire-testng-utils/2.20.1/surefire-testng-utils-2.20.1.jar:/Users/a1/.m2/repository/org/apache/maven/surefire/surefire-grouper/2.20.1/surefire-grouper-2.20.1.jar:"/>
    <property name="java.vm.vendor" value="Oracle Corporation"/>
    <property name="sun.arch.data.model" value="64"/>
    <property name="java.vendor.url" value="http://java.oracle.com/"/>
    <property name="user.timezone" value=""/>
    <property name="java.vm.specification.version" value="1.8"/>
    <property name="os.name" value="Mac OS X"/>
    <property name="user.country" value="UA"/>
    <property name="sun.java.launcher" value="SUN_STANDARD"/>
    <property name="sun.boot.library.path" value="/Library/Java/JavaVirtualMachines/jdk1.8.0_152.jdk/Contents/Home/jre/lib"/>
    <property name="sun.java.command" value="/Users/a1/IdeaProjects/FunMiles/target/surefire/surefirebooter6756602382690922936.jar /Users/a1/IdeaProjects/FunMiles/target/surefire 2018-01-17T16-15-05_776-jvmRun1 surefire1724725522071807153tmp surefire_08877891518027818346tmp"/>
    <property name="http.nonProxyHosts" value="local|*.local|169.254/16|*.169.254/16"/>
    <property name="surefire.test.class.path" value="/Users/a1/IdeaProjects/FunMiles/target/test-classes:/Users/a1/IdeaProjects/FunMiles/target/classes:/Users/a1/.m2/repository/io/appium/java-client/5.0.2/java-client-5.0.2.jar:/Users/a1/.m2/repository/org/seleniumhq/selenium/selenium-java/3.5.3/selenium-java-3.5.3.jar:/Users/a1/.m2/repository/org/seleniumhq/selenium/selenium-chrome-driver/3.5.3/selenium-chrome-driver-3.5.3.jar:/Users/a1/.m2/repository/org/seleniumhq/selenium/selenium-edge-driver/3.5.3/selenium-edge-driver-3.5.3.jar:/Users/a1/.m2/repository/org/seleniumhq/selenium/selenium-firefox-driver/3.5.3/selenium-firefox-driver-3.5.3.jar:/Users/a1/.m2/repository/org/seleniumhq/selenium/selenium-ie-driver/3.5.3/selenium-ie-driver-3.5.3.jar:/Users/a1/.m2/repository/org/seleniumhq/selenium/selenium-opera-driver/3.5.3/selenium-opera-driver-3.5.3.jar:/Users/a1/.m2/repository/org/seleniumhq/selenium/selenium-remote-driver/3.5.3/selenium-remote-driver-3.5.3.jar:/Users/a1/.m2/repository/org/seleniumhq/selenium/selenium-safari-driver/3.5.3/selenium-safari-driver-3.5.3.jar:/Users/a1/.m2/repository/cglib/cglib-nodep/3.2.4/cglib-nodep-3.2.4.jar:/Users/a1/.m2/repository/org/apache/commons/commons-exec/1.3/commons-exec-1.3.jar:/Users/a1/.m2/repository/commons-logging/commons-logging/1.2/commons-logging-1.2.jar:/Users/a1/.m2/repository/org/w3c/css/sac/1.3/sac-1.3.jar:/Users/a1/.m2/repository/net/sourceforge/cssparser/cssparser/0.9.23/cssparser-0.9.23.jar:/Users/a1/.m2/repository/com/google/guava/guava/23.0/guava-23.0.jar:/Users/a1/.m2/repository/com/google/code/findbugs/jsr305/1.3.9/jsr305-1.3.9.jar:/Users/a1/.m2/repository/com/google/errorprone/error_prone_annotations/2.0.18/error_prone_annotations-2.0.18.jar:/Users/a1/.m2/repository/com/google/j2objc/j2objc-annotations/1.1/j2objc-annotations-1.1.jar:/Users/a1/.m2/repository/org/codehaus/mojo/animal-sniffer-annotations/1.14/animal-sniffer-annotations-1.14.jar:/Users/a1/.m2/repository/net/sourceforge/htmlunit/htmlunit/2.27/htmlunit-2.27.jar:/Users/a1/.m2/repository/net/sourceforge/htmlunit/htmlunit-core-js/2.27/htmlunit-core-js-2.27.jar:/Users/a1/.m2/repository/net/sourceforge/htmlunit/neko-htmlunit/2.27/neko-htmlunit-2.27.jar:/Users/a1/.m2/repository/org/apache/httpcomponents/httpcore/4.4.6/httpcore-4.4.6.jar:/Users/a1/.m2/repository/org/apache/httpcomponents/httpmime/4.5.3/httpmime-4.5.3.jar:/Users/a1/.m2/repository/org/eclipse/jetty/jetty-client/9.4.5.v20170502/jetty-client-9.4.5.v20170502.jar:/Users/a1/.m2/repository/org/eclipse/jetty/jetty-http/9.4.5.v20170502/jetty-http-9.4.5.v20170502.jar:/Users/a1/.m2/repository/org/eclipse/jetty/jetty-io/9.4.5.v20170502/jetty-io-9.4.5.v20170502.jar:/Users/a1/.m2/repository/org/eclipse/jetty/jetty-util/9.4.5.v20170502/jetty-util-9.4.5.v20170502.jar:/Users/a1/.m2/repository/net/java/dev/jna/jna/4.1.0/jna-4.1.0.jar:/Users/a1/.m2/repository/net/java/dev/jna/jna-platform/4.1.0/jna-platform-4.1.0.jar:/Users/a1/.m2/repository/junit/junit/4.12/junit-4.12.jar:/Users/a1/.m2/repository/com/codeborne/phantomjsdriver/1.4.0/phantomjsdriver-1.4.0.jar:/Users/a1/.m2/repository/org/seleniumhq/selenium/htmlunit-driver/2.27/htmlunit-driver-2.27.jar:/Users/a1/.m2/repository/javax/servlet/javax.servlet-api/3.1.0/javax.servlet-api-3.1.0.jar:/Users/a1/.m2/repository/org/eclipse/jetty/websocket/websocket-api/9.4.5.v20170502/websocket-api-9.4.5.v20170502.jar:/Users/a1/.m2/repository/org/eclipse/jetty/websocket/websocket-client/9.4.5.v20170502/websocket-client-9.4.5.v20170502.jar:/Users/a1/.m2/repository/org/eclipse/jetty/websocket/websocket-common/9.4.5.v20170502/websocket-common-9.4.5.v20170502.jar:/Users/a1/.m2/repository/xalan/serializer/2.7.2/serializer-2.7.2.jar:/Users/a1/.m2/repository/xml-apis/xml-apis/1.4.01/xml-apis-1.4.01.jar:/Users/a1/.m2/repository/org/seleniumhq/selenium/selenium-support/3.5.3/selenium-support-3.5.3.jar:/Users/a1/.m2/repository/org/seleniumhq/selenium/selenium-api/3.5.3/selenium-api-3.5.3.jar:/Users/a1/.m2/repository/com/google/code/gson/gson/2.8.1/gson-2.8.1.jar:/Users/a1/.m2/repository/org/apache/httpcomponents/httpclient/4.5.3/httpclient-4.5.3.jar:/Users/a1/.m2/repository/cglib/cglib/3.2.5/cglib-3.2.5.jar:/Users/a1/.m2/repository/org/ow2/asm/asm/5.2/asm-5.2.jar:/Users/a1/.m2/repository/org/apache/ant/ant/1.9.6/ant-1.9.6.jar:/Users/a1/.m2/repository/org/apache/ant/ant-launcher/1.9.6/ant-launcher-1.9.6.jar:/Users/a1/.m2/repository/commons-validator/commons-validator/1.6/commons-validator-1.6.jar:/Users/a1/.m2/repository/commons-beanutils/commons-beanutils/1.9.2/commons-beanutils-1.9.2.jar:/Users/a1/.m2/repository/commons-digester/commons-digester/1.8.1/commons-digester-1.8.1.jar:/Users/a1/.m2/repository/commons-collections/commons-collections/3.2.2/commons-collections-3.2.2.jar:/Users/a1/.m2/repository/org/apache/commons/commons-lang3/3.6/commons-lang3-3.6.jar:/Users/a1/.m2/repository/commons-io/commons-io/2.5/commons-io-2.5.jar:/Users/a1/.m2/repository/org/springframework/spring-context/4.3.10.RELEASE/spring-context-4.3.10.RELEASE.jar:/Users/a1/.m2/repository/org/springframework/spring-expression/4.3.10.RELEASE/spring-expression-4.3.10.RELEASE.jar:/Users/a1/.m2/repository/org/aspectj/aspectjweaver/1.8.10/aspectjweaver-1.8.10.jar:/Users/a1/.m2/repository/org/openpnp/opencv/3.2.0-1/opencv-3.2.0-1.jar:/Users/a1/.m2/repository/com/consol/citrus/citrus-core/2.7.2/citrus-core-2.7.2.jar:/Users/a1/.m2/repository/com/consol/citrus/model/citrus-model-core/2.7.2/citrus-model-core-2.7.2.jar:/Users/a1/.m2/repository/javax/xml/bind/jaxb-api/2.2.11/jaxb-api-2.2.11.jar:/Users/a1/.m2/repository/com/sun/xml/bind/jaxb-core/2.2.11/jaxb-core-2.2.11.jar:/Users/a1/.m2/repository/com/sun/xml/bind/jaxb-impl/2.2.11/jaxb-impl-2.2.11.jar:/Users/a1/.m2/repository/commons-cli/commons-cli/1.3.1/commons-cli-1.3.1.jar:/Users/a1/.m2/repository/commons-codec/commons-codec/1.10/commons-codec-1.10.jar:/Users/a1/.m2/repository/commons-lang/commons-lang/2.6/commons-lang-2.6.jar:/Users/a1/.m2/repository/xalan/xalan/2.7.2/xalan-2.7.2.jar:/Users/a1/.m2/repository/xerces/xercesImpl/2.11.0/xercesImpl-2.11.0.jar:/Users/a1/.m2/repository/wsdl4j/wsdl4j/1.6.3/wsdl4j-1.6.3.jar:/Users/a1/.m2/repository/net/sf/jtidy/jtidy/r938/jtidy-r938.jar:/Users/a1/.m2/repository/org/hamcrest/hamcrest-core/1.3/hamcrest-core-1.3.jar:/Users/a1/.m2/repository/org/hamcrest/hamcrest-library/1.3/hamcrest-library-1.3.jar:/Users/a1/.m2/repository/org/codehaus/groovy/groovy/2.4.12/groovy-2.4.12.jar:/Users/a1/.m2/repository/org/codehaus/groovy/groovy-xml/2.4.12/groovy-xml-2.4.12.jar:/Users/a1/.m2/repository/org/codehaus/groovy/groovy-json/2.4.12/groovy-json-2.4.12.jar:/Users/a1/.m2/repository/org/codehaus/groovy/groovy-jsr223/2.4.12/groovy-jsr223-2.4.12.jar:/Users/a1/.m2/repository/commons-logging/commons-logging-api/1.1/commons-logging-api-1.1.jar:/Users/a1/.m2/repository/com/fasterxml/jackson/core/jackson-core/2.8.9/jackson-core-2.8.9.jar:/Users/a1/.m2/repository/com/fasterxml/jackson/core/jackson-annotations/2.8.9/jackson-annotations-2.8.9.jar:/Users/a1/.m2/repository/com/fasterxml/jackson/core/jackson-databind/2.8.9/jackson-databind-2.8.9.jar:/Users/a1/.m2/repository/net/minidev/json-smart/2.2.1/json-smart-2.2.1.jar:/Users/a1/.m2/repository/net/minidev/accessors-smart/1.1/accessors-smart-1.1.jar:/Users/a1/.m2/repository/com/jayway/jsonpath/json-path/2.2.0/json-path-2.2.0.jar:/Users/a1/.m2/repository/org/springframework/spring-core/4.3.9.RELEASE/spring-core-4.3.9.RELEASE.jar:/Users/a1/.m2/repository/org/springframework/spring-jdbc/4.3.9.RELEASE/spring-jdbc-4.3.9.RELEASE.jar:/Users/a1/.m2/repository/org/springframework/spring-tx/4.3.9.RELEASE/spring-tx-4.3.9.RELEASE.jar:/Users/a1/.m2/repository/org/springframework/integration/spring-integration-core/4.3.10.RELEASE/spring-integration-core-4.3.10.RELEASE.jar:/Users/a1/.m2/repository/org/springframework/spring-messaging/4.3.9.RELEASE/spring-messaging-4.3.9.RELEASE.jar:/Users/a1/.m2/repository/org/springframework/retry/spring-retry/1.1.3.RELEASE/spring-retry-1.1.3.RELEASE.jar:/Users/a1/.m2/repository/org/springframework/ws/spring-xml/2.4.0.RELEASE/spring-xml-2.4.0.RELEASE.jar:/Users/a1/.m2/repository/org/springframework/spring-oxm/4.3.9.RELEASE/spring-oxm-4.3.9.RELEASE.jar:/Users/a1/.m2/repository/org/springframework/spring-test/4.3.9.RELEASE/spring-test-4.3.9.RELEASE.jar:/Users/a1/.m2/repository/com/consol/citrus/citrus-java-dsl/2.7.2/citrus-java-dsl-2.7.2.jar:/Users/a1/.m2/repository/com/consol/citrus/citrus-jms/2.7.2/citrus-jms-2.7.2.jar:/Users/a1/.m2/repository/com/consol/citrus/model/citrus-model-jms/2.7.2/citrus-model-jms-2.7.2.jar:/Users/a1/.m2/repository/org/springframework/spring-jms/4.3.9.RELEASE/spring-jms-4.3.9.RELEASE.jar:/Users/a1/.m2/repository/javax/jms/com.springsource.javax.jms/1.1.0/com.springsource.javax.jms-1.1.0.jar:/Users/a1/.m2/repository/com/sun/xml/messaging/saaj/saaj-impl/1.3.28/saaj-impl-1.3.28.jar:/Users/a1/.m2/repository/javax/xml/soap/javax.xml.soap-api/1.3.8/javax.xml.soap-api-1.3.8.jar:/Users/a1/.m2/repository/org/jvnet/mimepull/mimepull/1.9.7/mimepull-1.9.7.jar:/Users/a1/.m2/repository/org/jvnet/staxex/stax-ex/1.7.8/stax-ex-1.7.8.jar:/Users/a1/.m2/repository/javax/xml/stream/stax-api/1.0-2/stax-api-1.0-2.jar:/Users/a1/.m2/repository/org/springframework/ws/spring-ws-core/2.4.0.RELEASE/spring-ws-core-2.4.0.RELEASE.jar:/Users/a1/.m2/repository/org/springframework/spring-webmvc/4.3.9.RELEASE/spring-webmvc-4.3.9.RELEASE.jar:/Users/a1/.m2/repository/com/consol/citrus/citrus-ws/2.7.2/citrus-ws-2.7.2.jar:/Users/a1/.m2/repository/com/consol/citrus/model/citrus-model-ws/2.7.2/citrus-model-ws-2.7.2.jar:/Users/a1/.m2/repository/javax/activation/activation/1.1.1/activation-1.1.1.jar:/Users/a1/.m2/repository/org/eclipse/jetty/jetty-server/9.4.6.v20170531/jetty-server-9.4.6.v20170531.jar:/Users/a1/.m2/repository/org/eclipse/jetty/jetty-servlet/9.4.6.v20170531/jetty-servlet-9.4.6.v20170531.jar:/Users/a1/.m2/repository/org/eclipse/jetty/jetty-security/9.4.6.v20170531/jetty-security-9.4.6.v20170531.jar:/Users/a1/.m2/repository/org/springframework/spring-beans/4.3.9.RELEASE/spring-beans-4.3.9.RELEASE.jar:/Users/a1/.m2/repository/org/springframework/spring-aop/4.3.9.RELEASE/spring-aop-4.3.9.RELEASE.jar:/Users/a1/.m2/repository/org/springframework/spring-web/4.3.9.RELEASE/spring-web-4.3.9.RELEASE.jar:/Users/a1/.m2/repository/com/consol/citrus/citrus-http/2.7.2/citrus-http-2.7.2.jar:/Users/a1/.m2/repository/com/consol/citrus/model/citrus-model-http/2.7.2/citrus-model-http-2.7.2.jar:/Users/a1/.m2/repository/org/springframework/integration/spring-integration-http/4.3.10.RELEASE/spring-integration-http-4.3.10.RELEASE.jar:/Users/a1/.m2/repository/org/testng/testng/6.11/testng-6.11.jar:/Users/a1/.m2/repository/com/beust/jcommander/1.64/jcommander-1.64.jar:/Users/a1/.m2/repository/org/yaml/snakeyaml/1.17/snakeyaml-1.17.jar:/Users/a1/.m2/repository/org/slf4j/slf4j-api/1.7.25/slf4j-api-1.7.25.jar:/Users/a1/.m2/repository/org/slf4j/jcl-over-slf4j/1.7.25/jcl-over-slf4j-1.7.25.jar:/Users/a1/.m2/repository/org/slf4j/slf4j-log4j12/1.7.25/slf4j-log4j12-1.7.25.jar:/Users/a1/.m2/repository/log4j/log4j/1.2.17/log4j-1.2.17.jar:/Users/a1/.m2/repository/org/apache/maven/surefire/surefire-testng-utils/2.20.1/surefire-testng-utils-2.20.1.jar:/Users/a1/.m2/repository/org/apache/maven/surefire/surefire-grouper/2.20.1/surefire-grouper-2.20.1.jar:"/>
    <property name="sun.cpu.endian" value="little"/>
    <property name="user.home" value="/Users/a1"/>
    <property name="user.language" value="en"/>
    <property name="java.specification.vendor" value="Oracle Corporation"/>
    <property name="java.home" value="/Library/Java/JavaVirtualMachines/jdk1.8.0_152.jdk/Contents/Home/jre"/>
    <property name="basedir" value="/Users/a1/IdeaProjects/FunMiles"/>
    <property name="file.separator" value="/"/>
    <property name="line.separator" value="&#10;"/>
    <property name="java.vm.specification.vendor" value="Oracle Corporation"/>
    <property name="java.specification.name" value="Java Platform API Specification"/>
    <property name="java.awt.graphicsenv" value="sun.awt.CGraphicsEnvironment"/>
    <property name="surefire.real.class.path" value="/Users/a1/IdeaProjects/FunMiles/target/surefire/surefirebooter6756602382690922936.jar"/>
    <property name="sun.boot.class.path" value="/Library/Java/JavaVirtualMachines/jdk1.8.0_152.jdk/Contents/Home/jre/lib/resources.jar:/Library/Java/JavaVirtualMachines/jdk1.8.0_152.jdk/Contents/Home/jre/lib/rt.jar:/Library/Java/JavaVirtualMachines/jdk1.8.0_152.jdk/Contents/Home/jre/lib/sunrsasign.jar:/Library/Java/JavaVirtualMachines/jdk1.8.0_152.jdk/Contents/Home/jre/lib/jsse.jar:/Library/Java/JavaVirtualMachines/jdk1.8.0_152.jdk/Contents/Home/jre/lib/jce.jar:/Library/Java/JavaVirtualMachines/jdk1.8.0_152.jdk/Contents/Home/jre/lib/charsets.jar:/Library/Java/JavaVirtualMachines/jdk1.8.0_152.jdk/Contents/Home/jre/lib/jfr.jar:/Library/Java/JavaVirtualMachines/jdk1.8.0_152.jdk/Contents/Home/jre/classes"/>
    <property name="sun.management.compiler" value="HotSpot 64-Bit Tiered Compilers"/>
    <property name="ftp.nonProxyHosts" value="local|*.local|169.254/16|*.169.254/16"/>
    <property name="java.runtime.version" value="1.8.0_152-b16"/>
    <property name="user.name" value="a1"/>
    <property name="path.separator" value=":"/>
    <property name="os.version" value="10.13.2"/>
    <property name="java.endorsed.dirs" value="/Library/Java/JavaVirtualMachines/jdk1.8.0_152.jdk/Contents/Home/jre/lib/endorsed"/>
    <property name="java.runtime.name" value="Java(TM) SE Runtime Environment"/>
    <property name="file.encoding" value="UTF-8"/>
    <property name="java.vm.name" value="Java HotSpot(TM) 64-Bit Server VM"/>
    <property name="localRepository" value="/Users/a1/.m2/repository"/>
    <property name="java.vendor.url.bug" value="http://bugreport.sun.com/bugreport/"/>
    <property name="java.io.tmpdir" value="/var/folders/bb/fcl8t28526z5svcn0__5wrn80000gn/T/"/>
    <property name="java.version" value="1.8.0_152"/>
    <property name="user.dir" value="/Users/a1/IdeaProjects/FunMiles"/>
    <property name="os.arch" value="x86_64"/>
    <property name="java.vm.specification.name" value="Java Virtual Machine Specification"/>
    <property name="java.awt.printerjob" value="sun.lwawt.macosx.CPrinterJob"/>
    <property name="sun.os.patch.level" value="unknown"/>
    <property name="java.library.path" value="/Users/a1/Library/Java/Extensions:/Library/Java/Extensions:/Network/Library/Java/Extensions:/System/Library/Java/Extensions:/usr/lib/java:."/>
    <property name="java.vm.info" value="mixed mode"/>
    <property name="java.vendor" value="Oracle Corporation"/>
    <property name="java.vm.version" value="25.152-b16"/>
    <property name="java.ext.dirs" value="/Users/a1/Library/Java/Extensions:/Library/Java/JavaVirtualMachines/jdk1.8.0_152.jdk/Contents/Home/jre/lib/ext:/Library/Java/Extensions:/Network/Library/Java/Extensions:/System/Library/Java/Extensions:/usr/lib/java"/>
    <property name="sun.io.unicode.encoding" value="UnicodeBig"/>
    <property name="java.class.version" value="52.0"/>
    <property name="socksNonProxyHosts" value="local|*.local|169.254/16|*.169.254/16"/>
  </properties>
  <testcase name="test" classname="AndroidApp.Test1" time="12.497"/>
</testsuite>