<?xml version="1.0" encoding="UTF-8"?>
<!-- Generated by org.testng.reporters.JUnitReportReporter -->
<testsuite skipped="0" hostname="1s-MacBook-Pro-2.local" name="AndroidApp.Test1" tests="1" failures="0" timestamp="17 Jan 2018 14:15:25 GMT" time="12.498" errors="0">
  <testcase name="test" time="12.498" classname="AndroidApp.Test1"/>
</testsuite> <!-- AndroidApp.Test1 -->
